# JRE version: OpenJDK Runtime Environment Temurin-17.0.3+7 (17.0.3+7) (build 17.0.3+7)
# Java VM: OpenJDK 64-Bit Server VM Temurin-17.0.3+7 (17.0.3+7, mixed mode, emulated-client, tiered, compressed oops, compressed class ptrs, g1 gc, windows-amd64)
GC Precious Log:
 CPUs: 4 total, 4 available
 Memory: 7878M
 Large Page Support: Disabled
 NUMA Support: Disabled
 Compressed Oops: Enabled (32-bit)
 Heap Region Size: 1M
 Heap Min Capacity: 8M
 Heap Initial Capacity: 124M
 Heap Max Capacity: 1970M
 Pre-touch: Disabled
 Parallel Workers: 4
 Concurrent Workers: 1
 Concurrent Refinement Workers: 4
 Periodic GC: Disabled
Heap:
 garbage-first heap   total 55296K, used 15283K [0x0000000084e00000, 0x0000000100000000)
  region size 1024K, 1 young (1024K), 0 survivors (0K)
 Metaspace       used 40907K, committed 41344K, reserved 1089536K
  class space    used 5633K, committed 5824K, reserved 1048576K
GC Heap History (20 events):
Event: 492.748 GC heap before
{Heap before GC invocations=78 (full 33):
 garbage-first heap   total 55296K, used 15283K [0x0000000084e00000, 0x0000000100000000)
  region size 1024K, 1 young (1024K), 0 survivors (0K)
 Metaspace       used 40907K, committed 41344K, reserved 1089536K
  class space    used 5633K, committed 5824K, reserved 1048576K
}
Event: 492.789 GC heap after
{Heap after GC invocations=79 (full 34):
 garbage-first heap   total 55296K, used 15283K [0x0000000084e00000, 0x0000000100000000)
  region size 1024K, 0 young (0K), 0 survivors (0K)
 Metaspace       used 40907K, committed 41344K, reserved 1089536K
  class space    used 5633K, committed 5824K, reserved 1048576K
}
Event: 504.080 GC heap before
{Heap before GC invocations=79 (full 34):
 garbage-first heap   total 55296K, used 15283K [0x0000000084e00000, 0x0000000100000000)
  region size 1024K, 1 young (1024K), 0 survivors (0K)
 Metaspace       used 40907K, committed 41344K, reserved 1089536K
  class space    used 5633K, committed 5824K, reserved 1048576K
}
Event: 504.117 GC heap after
{Heap after GC invocations=80 (full 35):
 garbage-first heap   total 55296K, used 15283K [0x0000000084e00000, 0x0000000100000000)
  region size 1024K, 0 young (0K), 0 survivors (0K)
 Metaspace       used 40907K, committed 41344K, reserved 1089536K
  class space    used 5633K, committed 5824K, reserved 1048576K
}
Event: 516.655 GC heap before
{Heap before GC invocations=80 (full 35):
 garbage-first heap   total 55296K, used 15283K [0x0000000084e00000, 0x0000000100000000)
  region size 1024K, 1 young (1024K), 0 survivors (0K)
 Metaspace       used 40907K, committed 41344K, reserved 1089536K
  class space    used 5633K, committed 5824K, reserved 1048576K
}
Event: 516.693 GC heap after
{Heap after GC invocations=81 (full 36):
 garbage-first heap   total 55296K, used 15283K [0x0000000084e00000, 0x0000000100000000)
  region size 1024K, 0 young (0K), 0 survivors (0K)
 Metaspace       used 40907K, committed 41344K, reserved 1089536K
  class space    used 5633K, committed 5824K, reserved 1048576K
}
Event: 527.886 GC heap before
{Heap before GC invocations=81 (full 36):
 garbage-first heap   total 55296K, used 15283K [0x0000000084e00000, 0x0000000100000000)
  region size 1024K, 1 young (1024K), 0 survivors (0K)
 Metaspace       used 40907K, committed 41344K, reserved 1089536K
  class space    used 5633K, committed 5824K, reserved 1048576K
}
Event: 527.925 GC heap after
{Heap after GC invocations=82 (full 37):
 garbage-first heap   total 55296K, used 15283K [0x0000000084e00000, 0x0000000100000000)
  region size 1024K, 0 young (0K), 0 survivors (0K)
 Metaspace       used 40907K, committed 41344K, reserved 1089536K
  class space    used 5633K, committed 5824K, reserved 1048576K
}
Event: 540.419 GC heap before
{Heap before GC invocations=82 (full 37):
 garbage-first heap   total 55296K, used 15283K [0x0000000084e00000, 0x0000000100000000)
  region size 1024K, 1 young (1024K), 0 survivors (0K)
 Metaspace       used 40907K, committed 41344K, reserved 1089536K
  class space    used 5633K, committed 5824K, reserved 1048576K
}
Event: 540.458 GC heap after
{Heap after GC invocations=83 (full 38):
 garbage-first heap   total 55296K, used 15283K [0x0000000084e00000, 0x0000000100000000)
  region size 1024K, 0 young (0K), 0 survivors (0K)
 Metaspace       used 40907K, committed 41344K, reserved 1089536K
  class space    used 5633K, committed 5824K, reserved 1048576K
}
Event: 551.807 GC heap before
{Heap before GC invocations=83 (full 38):
 garbage-first heap   total 55296K, used 15283K [0x0000000084e00000, 0x0000000100000000)
  region size 1024K, 1 young (1024K), 0 survivors (0K)
 Metaspace       used 40907K, committed 41344K, reserved 1089536K
  class space    used 5633K, committed 5824K, reserved 1048576K
}
Event: 551.845 GC heap after
{Heap after GC invocations=84 (full 39):
 garbage-first heap   total 55296K, used 15283K [0x0000000084e00000, 0x0000000100000000)
  region size 1024K, 0 young (0K), 0 survivors (0K)
 Metaspace       used 40907K, committed 41344K, reserved 1089536K
  class space    used 5633K, committed 5824K, reserved 1048576K
}
Event: 564.040 GC heap before
{Heap before GC invocations=84 (full 39):
 garbage-first heap   total 55296K, used 15283K [0x0000000084e00000, 0x0000000100000000)
  region size 1024K, 1 young (1024K), 0 survivors (0K)
 Metaspace       used 40907K, committed 41344K, reserved 1089536K
  class space    used 5633K, committed 5824K, reserved 1048576K
}
Event: 564.079 GC heap after
{Heap after GC invocations=85 (full 40):
 garbage-first heap   total 55296K, used 15283K [0x0000000084e00000, 0x0000000100000000)
  region size 1024K, 0 young (0K), 0 survivors (0K)
 Metaspace       used 40907K, committed 41344K, reserved 1089536K
  class space    used 5633K, committed 5824K, reserved 1048576K
}
Event: 575.598 GC heap before
{Heap before GC invocations=85 (full 40):
 garbage-first heap   total 55296K, used 15283K [0x0000000084e00000, 0x0000000100000000)
  region size 1024K, 1 young (1024K), 0 survivors (0K)
 Metaspace       used 40907K, committed 41344K, reserved 1089536K
  class space    used 5633K, committed 5824K, reserved 1048576K
}
Event: 575.637 GC heap after
{Heap after GC invocations=86 (full 41):
 garbage-first heap   total 55296K, used 15283K [0x0000000084e00000, 0x0000000100000000)
  region size 1024K, 0 young (0K), 0 survivors (0K)
 Metaspace       used 40907K, committed 41344K, reserved 1089536K
  class space    used 5633K, committed 5824K, reserved 1048576K
}
Event: 586.398 GC heap before
{Heap before GC invocations=86 (full 41):
 garbage-first heap   total 55296K, used 15283K [0x0000000084e00000, 0x0000000100000000)
  region size 1024K, 1 young (1024K), 0 survivors (0K)
 Metaspace       used 40907K, committed 41344K, reserved 1089536K
  class space    used 5633K, committed 5824K, reserved 1048576K
}
Event: 586.436 GC heap after
{Heap after GC invocations=87 (full 42):
 garbage-first heap   total 55296K, used 15283K [0x0000000084e00000, 0x0000000100000000)
  region size 1024K, 0 young (0K), 0 survivors (0K)
 Metaspace       used 40907K, committed 41344K, reserved 1089536K
  class space    used 5633K, committed 5824K, reserved 1048576K
}
Event: 597.347 GC heap before
{Heap before GC invocations=87 (full 42):
 garbage-first heap   total 55296K, used 15283K [0x0000000084e00000, 0x0000000100000000)
  region size 1024K, 1 young (1024K), 0 survivors (0K)
 Metaspace       used 40907K, committed 41344K, reserved 1089536K
  class space    used 5633K, committed 5824K, reserved 1048576K
}
Event: 597.386 GC heap after
{Heap after GC invocations=88 (full 43):
 garbage-first heap   total 55296K, used 15283K [0x0000000084e00000, 0x0000000100000000)
  region size 1024K, 0 young (0K), 0 survivors (0K)
 Metaspace       used 40907K, committed 41344K, reserved 1089536K
  class space    used 5633K, committed 5824K, reserved 1048576K
}

